<?xml version="1.0" encoding="UTF-8"?>
<!-- Generated by org.testng.reporters.JUnitXMLReporter -->
<testsuite ignored="8" hostname="LTIN511425" failures="0" tests="1" name="Default test" time="26.499" errors="0" timestamp="2025-07-11T16:22:51 IST">
  <testcase classname="testCases.CabBookingPageTest" name="oneWayCabSearch" time="17.301"/>
  <testcase classname="testCases.CabBookingPageTest" name="verifyClearAllFilterFunctionality" time="0.0">
    <ignored/>
  </testcase> <!-- verifyClearAllFilterFunctionality -->
  <testcase classname="testCases.CabBookingPageTest" name="verifyPickUpDateInResults" time="0.0">
    <ignored/>
  </testcase> <!-- verifyPickUpDateInResults -->
  <testcase classname="testCases.CabBookingPageTest" name="verifyFromLocationInResults" time="0.0">
    <ignored/>
  </testcase> <!-- verifyFromLocationInResults -->
  <testcase classname="testCases.CabBookingPageTest" name="verifyPickUpTimeInResults" time="0.0">
    <ignored/>
  </testcase> <!-- verifyPickUpTimeInResults -->
  <testcase classname="testCases.CabBookingPageTest" name="y" time="0.0">
    <ignored/>
  </testcase> <!-- y -->
  <testcase classname="testCases.CabBookingPageTest" name="z" time="0.0">
    <ignored/>
  </testcase> <!-- z -->
  <testcase classname="testCases.CabBookingPageTest" name="verifyCabTypeInResult" time="0.0">
    <ignored/>
  </testcase> <!-- verifyCabTypeInResult -->
  <testcase classname="testCases.CabBookingPageTest" name="verifyToLocationInResults" time="0.0">
    <ignored/>
  </testcase> <!-- verifyToLocationInResults -->
</testsuite> <!-- Default test -->
