<?xml version="1.0" encoding="UTF-8"?>
<!-- Generated by org.testng.reporters.JUnitXMLReporter -->
<testsuite ignored="0" hostname="LTIN450081" failures="0" tests="5" name="Default test" time="34.758" errors="0" timestamp="2025-07-11T10:37:52 IST">
  <testcase classname="testCases.HotelsPageTest" name="TC_HB_01" time="3.393"/>
  <testcase classname="testCases.HotelsPageTest" name="TC_HB_02" time="4.567"/>
  <testcase classname="testCases.HotelsPageTest" name="TC_HB_03" time="0.952"/>
  <testcase classname="testCases.HotelsPageTest" name="TC_HB_04" time="0.831"/>
  <testcase classname="testCases.HotelsPageTest" name="TC_HB_05" time="1.168"/>
</testsuite> <!-- Default test -->
