<?xml version="1.0" encoding="UTF-8"?>
<testng-results ignored="0" total="1" passed="1" failed="0" skipped="0">
  <reporter-output>
  </reporter-output>
  <suite started-at="2025-07-11T16:22:25 IST" name="Default suite" finished-at="2025-07-11T16:22:51 IST" duration-ms="26499">
    <groups>
    </groups>
    <test started-at="2025-07-11T16:22:25 IST" name="Default test" finished-at="2025-07-11T16:22:51 IST" duration-ms="26499">
      <class name="testCases.CabBookingPageTest">
        <test-method is-config="true" signature="DriverSetup()[pri:0, instance:testCases.CabBookingPageTest@477b4cdf]" started-at="2025-07-11T16:22:25 IST" name="DriverSetup" finished-at="2025-07-11T16:22:27 IST" duration-ms="2577" status="PASS">
          <reporter-output>
          </reporter-output>
        </test-method> <!-- DriverSetup -->
        <test-method is-config="true" signature="goToHomePage()[pri:0, instance:testCases.CabBookingPageTest@477b4cdf]" started-at="2025-07-11T16:22:27 IST" name="goToHomePage" finished-at="2025-07-11T16:22:30 IST" duration-ms="2859" status="PASS">
          <reporter-output>
          </reporter-output>
        </test-method> <!-- goToHomePage -->
        <test-method signature="oneWayCabSearch(java.lang.String,java.lang.String,java.lang.String,java.lang.String,java.lang.String,java.lang.String,java.lang.String)[pri:0, instance:testCases.CabBookingPageTest@477b4cdf]" started-at="2025-07-11T16:22:30 IST" name="oneWayCabSearch" data-provider="testData" finished-at="2025-07-11T16:22:47 IST" duration-ms="17301" status="PASS">
          <params>
            <param index="0">
              <value>
                <![CDATA[Cabs]]>
              </value>
            </param>
            <param index="1">
              <value>
                <![CDATA[Outstation One-Way]]>
              </value>
            </param>
            <param index="2">
              <value>
                <![CDATA[Delhi]]>
              </value>
            </param>
            <param index="3">
              <value>
                <![CDATA[Manali, Himachal Pradesh]]>
              </value>
            </param>
            <param index="4">
              <value>
                <![CDATA[Dec 09 2025]]>
              </value>
            </param>
            <param index="5">
              <value>
                <![CDATA[12 40 PM]]>
              </value>
            </param>
            <param index="6">
              <value>
                <![CDATA[SUV]]>
              </value>
            </param>
          </params>
          <reporter-output>
          </reporter-output>
        </test-method> <!-- oneWayCabSearch -->
        <test-method is-config="true" signature="tearDown()[pri:0, instance:testCases.CabBookingPageTest@477b4cdf]" started-at="2025-07-11T16:22:47 IST" name="tearDown" finished-at="2025-07-11T16:22:51 IST" duration-ms="3724" status="PASS">
          <reporter-output>
          </reporter-output>
        </test-method> <!-- tearDown -->
      </class> <!-- testCases.CabBookingPageTest -->
    </test> <!-- Default test -->
  </suite> <!-- Default suite -->
</testng-results>
