<?xml version="1.0" encoding="UTF-8"?>
<testng-results ignored="0" total="5" passed="5" failed="0" skipped="0">
  <reporter-output>
  </reporter-output>
  <suite started-at="2025-07-11T10:37:17 IST" name="Default suite" finished-at="2025-07-11T10:37:52 IST" duration-ms="34758">
    <groups>
    </groups>
    <test started-at="2025-07-11T10:37:17 IST" name="Default test" finished-at="2025-07-11T10:37:52 IST" duration-ms="34758">
      <class name="testCases.HotelsPageTest">
        <test-method is-config="true" signature="DriverSetup()[pri:0, instance:testCases.HotelsPageTest@6a6cb05c]" started-at="2025-07-11T10:37:17 IST" name="DriverSetup" finished-at="2025-07-11T10:37:31 IST" duration-ms="13733" status="PASS">
          <reporter-output>
          </reporter-output>
        </test-method> <!-- DriverSetup -->
        <test-method is-config="true" signature="goToHomePage()[pri:0, instance:testCases.HotelsPageTest@6a6cb05c]" started-at="2025-07-11T10:37:31 IST" name="goToHomePage" finished-at="2025-07-11T10:37:33 IST" duration-ms="2110" status="PASS">
          <reporter-output>
          </reporter-output>
        </test-method> <!-- goToHomePage -->
        <test-method signature="TC_HB_01()[pri:0, instance:testCases.HotelsPageTest@6a6cb05c]" started-at="2025-07-11T10:37:33 IST" name="TC_HB_01" finished-at="2025-07-11T10:37:37 IST" duration-ms="3393" status="PASS">
          <reporter-output>
          </reporter-output>
        </test-method> <!-- TC_HB_01 -->
        <test-method is-config="true" signature="goToHomePage()[pri:0, instance:testCases.HotelsPageTest@6a6cb05c]" started-at="2025-07-11T10:37:37 IST" name="goToHomePage" finished-at="2025-07-11T10:37:38 IST" duration-ms="1213" status="PASS">
          <reporter-output>
          </reporter-output>
        </test-method> <!-- goToHomePage -->
        <test-method signature="TC_HB_02()[pri:0, instance:testCases.HotelsPageTest@6a6cb05c]" started-at="2025-07-11T10:37:38 IST" name="TC_HB_02" finished-at="2025-07-11T10:37:42 IST" duration-ms="4567" status="PASS">
          <reporter-output>
          </reporter-output>
        </test-method> <!-- TC_HB_02 -->
        <test-method is-config="true" signature="goToHomePage()[pri:0, instance:testCases.HotelsPageTest@6a6cb05c]" started-at="2025-07-11T10:37:42 IST" name="goToHomePage" finished-at="2025-07-11T10:37:43 IST" duration-ms="945" status="PASS">
          <reporter-output>
          </reporter-output>
        </test-method> <!-- goToHomePage -->
        <test-method signature="TC_HB_03()[pri:0, instance:testCases.HotelsPageTest@6a6cb05c]" started-at="2025-07-11T10:37:43 IST" name="TC_HB_03" finished-at="2025-07-11T10:37:44 IST" duration-ms="952" status="PASS">
          <reporter-output>
          </reporter-output>
        </test-method> <!-- TC_HB_03 -->
        <test-method is-config="true" signature="goToHomePage()[pri:0, instance:testCases.HotelsPageTest@6a6cb05c]" started-at="2025-07-11T10:37:44 IST" name="goToHomePage" finished-at="2025-07-11T10:37:45 IST" duration-ms="1099" status="PASS">
          <reporter-output>
          </reporter-output>
        </test-method> <!-- goToHomePage -->
        <test-method signature="TC_HB_04()[pri:0, instance:testCases.HotelsPageTest@6a6cb05c]" started-at="2025-07-11T10:37:45 IST" name="TC_HB_04" finished-at="2025-07-11T10:37:46 IST" duration-ms="831" status="PASS">
          <reporter-output>
          </reporter-output>
        </test-method> <!-- TC_HB_04 -->
        <test-method is-config="true" signature="goToHomePage()[pri:0, instance:testCases.HotelsPageTest@6a6cb05c]" started-at="2025-07-11T10:37:46 IST" name="goToHomePage" finished-at="2025-07-11T10:37:47 IST" duration-ms="969" status="PASS">
          <reporter-output>
          </reporter-output>
        </test-method> <!-- goToHomePage -->
        <test-method signature="TC_HB_05()[pri:0, instance:testCases.HotelsPageTest@6a6cb05c]" started-at="2025-07-11T10:37:47 IST" name="TC_HB_05" finished-at="2025-07-11T10:37:48 IST" duration-ms="1168" status="PASS">
          <reporter-output>
          </reporter-output>
        </test-method> <!-- TC_HB_05 -->
        <test-method is-config="true" signature="tearDown()[pri:0, instance:testCases.HotelsPageTest@6a6cb05c]" started-at="2025-07-11T10:37:48 IST" name="tearDown" finished-at="2025-07-11T10:37:52 IST" duration-ms="3723" status="PASS">
          <reporter-output>
          </reporter-output>
        </test-method> <!-- tearDown -->
      </class> <!-- testCases.HotelsPageTest -->
    </test> <!-- Default test -->
  </suite> <!-- Default suite -->
</testng-results>
